INFO	2020-04-07 17:37:33	MarkDuplicates	

********** NOTE: Picard's command line syntax is changing.
**********
********** For more information, please see:
********** https://github.com/broadinstitute/picard/wiki/Command-Line-Syntax-Transition-For-Users-(Pre-Transition)
**********
********** The command line looks like this in the new syntax:
**********
**********    MarkDuplicates -I runs/A/temp_files/samtools_sort_A.bam -O runs/A/temp_files/marked_duplicates_A.bam -M runs/A/temp_files/marked_duplicates_A_metrics.txt -ASSUME_SORTED true
**********


17:37:34.042 INFO  NativeLibraryLoader - Loading libgkl_compression.so from jar:file:/students/2019-2020/Thema11/Dataprocessing/nsvandervegt_data/tools/picard/picard.jar!/com/intel/gkl/native/libgkl_compression.so
[Tue Apr 07 17:37:34 CEST 2020] MarkDuplicates INPUT=[runs/A/temp_files/samtools_sort_A.bam] OUTPUT=runs/A/temp_files/marked_duplicates_A.bam METRICS_FILE=runs/A/temp_files/marked_duplicates_A_metrics.txt ASSUME_SORTED=true    MAX_SEQUENCES_FOR_DISK_READ_ENDS_MAP=50000 MAX_FILE_HANDLES_FOR_READ_ENDS_MAP=8000 SORTING_COLLECTION_SIZE_RATIO=0.25 TAG_DUPLICATE_SET_MEMBERS=false REMOVE_SEQUENCING_DUPLICATES=false TAGGING_POLICY=DontTag CLEAR_DT=true DUPLEX_UMI=false ADD_PG_TAG_TO_READS=true REMOVE_DUPLICATES=false DUPLICATE_SCORING_STRATEGY=SUM_OF_BASE_QUALITIES PROGRAM_RECORD_ID=MarkDuplicates PROGRAM_GROUP_NAME=MarkDuplicates READ_NAME_REGEX=<optimized capture of last three ':' separated fields as numeric values> OPTICAL_DUPLICATE_PIXEL_DISTANCE=100 MAX_OPTICAL_DUPLICATE_SET_SIZE=300000 VERBOSITY=INFO QUIET=false VALIDATION_STRINGENCY=STRICT COMPRESSION_LEVEL=5 MAX_RECORDS_IN_RAM=500000 CREATE_INDEX=false CREATE_MD5_FILE=false GA4GH_CLIENT_SECRETS=client_secrets.json USE_JDK_DEFLATER=false USE_JDK_INFLATER=false
[Tue Apr 07 17:37:34 CEST 2020] Executing as nsvandervegt@bin201 on Linux 4.19.0-8-amd64 amd64; OpenJDK 64-Bit Server VM 11.0.6+10-post-Debian-1deb10u1; Deflater: Intel; Inflater: Intel; Provider GCS is not available; Picard version: 2.22.2
INFO	2020-04-07 17:37:34	MarkDuplicates	Start of doWork freeMemory: 22173440; totalMemory: 28311552; maxMemory: 4125097984
INFO	2020-04-07 17:37:34	MarkDuplicates	Reading input file and constructing read end information.
INFO	2020-04-07 17:37:34	MarkDuplicates	Will retain up to 14946007 data points before spilling to disk.
INFO	2020-04-07 17:37:37	MarkDuplicates	Read     1.000.000 records.  Elapsed time: 00:00:03s.  Time for last 1.000.000:    3s.  Last read position: chr2:186.263.761
INFO	2020-04-07 17:37:37	MarkDuplicates	Tracking 8751 as yet unmatched pairs. 186 records in RAM.
INFO	2020-04-07 17:37:40	MarkDuplicates	Read     2.000.000 records.  Elapsed time: 00:00:06s.  Time for last 1.000.000:    3s.  Last read position: chr14:23.884.216
INFO	2020-04-07 17:37:40	MarkDuplicates	Tracking 6831 as yet unmatched pairs. 1171 records in RAM.
INFO	2020-04-07 17:37:41	MarkDuplicates	Read 2343072 records. 0 pairs never matched.
INFO	2020-04-07 17:37:41	MarkDuplicates	After buildSortedReadEndLists freeMemory: 895826832; totalMemory: 1276116992; maxMemory: 4125097984
INFO	2020-04-07 17:37:41	MarkDuplicates	Will retain up to 128909312 duplicate indices before spilling to disk.
INFO	2020-04-07 17:37:42	MarkDuplicates	Traversing read pair information and detecting duplicates.
INFO	2020-04-07 17:37:42	MarkDuplicates	Traversing fragment information and detecting duplicates.
INFO	2020-04-07 17:37:43	MarkDuplicates	Sorting list of duplicate records.
INFO	2020-04-07 17:37:43	MarkDuplicates	After generateDuplicateIndexes freeMemory: 1269306536; totalMemory: 2307915776; maxMemory: 4125097984
INFO	2020-04-07 17:37:43	MarkDuplicates	Marking 503921 records as duplicates.
INFO	2020-04-07 17:37:43	MarkDuplicates	Found 69 optical duplicate clusters.
INFO	2020-04-07 17:37:43	MarkDuplicates	Reads are assumed to be ordered by: coordinate
INFO	2020-04-07 17:38:11	MarkDuplicates	Writing complete. Closing input iterator.
INFO	2020-04-07 17:38:11	MarkDuplicates	Duplicate Index cleanup.
INFO	2020-04-07 17:38:11	MarkDuplicates	Getting Memory Stats.
INFO	2020-04-07 17:38:11	MarkDuplicates	Before output close freeMemory: 24521416; totalMemory: 31457280; maxMemory: 4125097984
INFO	2020-04-07 17:38:13	MarkDuplicates	Closed outputs. Getting more Memory Stats.
INFO	2020-04-07 17:38:13	MarkDuplicates	After output close freeMemory: 24735976; totalMemory: 31457280; maxMemory: 4125097984
[Tue Apr 07 17:38:13 CEST 2020] picard.sam.markduplicates.MarkDuplicates done. Elapsed time: 0,66 minutes.
Runtime.totalMemory()=31457280
